<?xml version="1.0" encoding="UTF-8"?>
<!-- Generated by org.testng.reporters.JUnitXMLReporter -->
<testsuite ignored="0" hostname="DESKTOP-EF8A8NF" failures="1" tests="1" name="Test" time="10.398" errors="0" timestamp="2024-07-05T14:32:32 IST">
  <testcase classname="com.flipkart.web.tests.search.SearchTest" name="SearchField" time="0.046">
    <failure type="java.lang.IllegalArgumentException" message="Input must be set">
      <![CDATA[java.lang.IllegalArgumentException: Input must be set
at org.openqa.selenium.internal.Require.nonNull(Require.java:60)
at org.openqa.selenium.support.ui.FluentWait.<init>(FluentWait.java:94)
at org.openqa.selenium.support.ui.WebDriverWait.<init>(WebDriverWait.java:74)
at org.openqa.selenium.support.ui.WebDriverWait.<init>(WebDriverWait.java:43)
at com.student.web.pages.BasePage.explicitWait(BasePage.java:26)
at com.flipkart.web.pages.search.SearchPage.clickOnAcceptAllButton(SearchPage.java:44)
at com.flipkart.web.tests.search.SearchTest.SearchField(SearchTest.java:23)
at java.base/java.util.ArrayList.forEach(ArrayList.java:1511)
... Removed 25 stack frames]]>
    </failure>
  </testcase> <!-- SearchField -->
</testsuite> <!-- Test -->
