<?xml version="1.0" encoding="UTF-8"?>
<testng-results ignored="0" total="0" passed="0" failed="0" skipped="0">
  <reporter-output>
  </reporter-output>
  <suite started-at="2024-06-22T11:13:08 IST" name="com.flipkart.web.tests.BaseTest" finished-at="2024-06-22T11:13:09 IST" duration-ms="22">
    <groups>
    </groups>
    <test started-at="2024-06-22T11:13:08 IST" name="Command line test" finished-at="2024-06-22T11:13:09 IST" duration-ms="22">
    </test> <!-- Command line test -->
  </suite> <!-- com.flipkart.web.tests.BaseTest -->
</testng-results>
