<?xml version="1.0" encoding="UTF-8"?>
<!-- Generated by org.testng.reporters.JUnitReportReporter -->
<testsuite hostname="DESKTOP-EF8A8NF" failures="0" tests="4" name="com.flipkart.web.tests.login.LoginTest" time="8.239" errors="0" timestamp="2024-06-22T12:48:57 IST" skipped="0">
  <testcase classname="com.flipkart.web.tests.login.LoginTest" name="verifyLoginWithLessMobileNumber" time="5.447"/>
  <system-out/>
  <testcase classname="com.flipkart.web.tests.login.LoginTest" name="verifyLoginWithSpecialCharacters" time="0.941"/>
  <system-out/>
  <testcase classname="com.flipkart.web.tests.login.LoginTest" name="verifyLoginWithEmptyMobNumberField" time="0.856"/>
  <system-out/>
  <testcase classname="com.flipkart.web.tests.login.LoginTest" name="verifyLoginWithValidMobileNumber" time="0.995"/>
  <system-out/>
</testsuite> <!-- com.flipkart.web.tests.login.LoginTest -->
